<?xml version="1.0" encoding="UTF-8"?>
<!-- Generated by org.testng.reporters.JUnitReportReporter -->
<testsuite hostname="DESKTOP-7QQ1CMH" failures="0" tests="1" name="NewTest" time="20.945" errors="0" timestamp="2023-11-03T15:34:47 IST" skipped="0">
  <testcase classname="NewTest" name="getUrl" time="20.945"/>
</testsuite> <!-- NewTest -->
